Script started on 2025-02-09 21:58:24-05:00 [TERM="xterm-256color" TTY="/dev/pts/5" COLUMNS="248" LINES="7"]
[?2004h]0;arkosh@greyskull: ~/repos/601_201/module3/assignment3[01;32markosh@greyskull[00m:[01;34m~/repos/601_201/module3/assignment3[00m$ java Asterick[K[KskPrinter.java
[?2004lEnter the number of asterisks to print: 10
Enter whether to print ascending or descending (1/2)2
**********
*********
********
*******
******
*****
****
***
**
*
[?2004h]0;arkosh@greyskull: ~/repos/601_201/module3/assignment3[01;32markosh@greyskull[00m:[01;34m~/repos/601_201/module3/assignment3[00m$ java AsteriskPrinter.java
[?2004lEnter the number of asterisks to print: 200 
Enter whether to print ascending or descending (1/2)1
*
**
***
****
*****
******
*******
********
*********
**********
***********
************
*************
**************
***************
****************
*****************
******************
*******************
********************
*********************
**********************
***********************
************************
*************************
**************************
***************************
****************************
*****************************
******************************
*******************************
********************************
*********************************
**********************************
***********************************
************************************
*************************************
**************************************
***************************************
****************************************
*****************************************
******************************************
*******************************************
********************************************
*********************************************
**********************************************
***********************************************
************************************************
*************************************************
**************************************************
***************************************************
****************************************************
*****************************************************
******************************************************
*******************************************************
********************************************************
*********************************************************
**********************************************************
***********************************************************
************************************************************
*************************************************************
**************************************************************
***************************************************************
****************************************************************
*****************************************************************
******************************************************************
*******************************************************************
********************************************************************
*********************************************************************
**********************************************************************
***********************************************************************
************************************************************************
*************************************************************************
**************************************************************************
***************************************************************************
****************************************************************************
*****************************************************************************
******************************************************************************
*******************************************************************************
********************************************************************************
*********************************************************************************
**********************************************************************************
***********************************************************************************
************************************************************************************
*************************************************************************************
**************************************************************************************
***************************************************************************************
****************************************************************************************
*****************************************************************************************
******************************************************************************************
*******************************************************************************************
********************************************************************************************
*********************************************************************************************
**********************************************************************************************
***********************************************************************************************
************************************************************************************************
*************************************************************************************************
**************************************************************************************************
***************************************************************************************************
****************************************************************************************************
*****************************************************************************************************
******************************************************************************************************
*******************************************************************************************************
********************************************************************************************************
*********************************************************************************************************
**********************************************************************************************************
***********************************************************************************************************
************************************************************************************************************
*************************************************************************************************************
**************************************************************************************************************
***************************************************************************************************************
****************************************************************************************************************
*****************************************************************************************************************
******************************************************************************************************************
*******************************************************************************************************************
********************************************************************************************************************
*********************************************************************************************************************
**********************************************************************************************************************
***********************************************************************************************************************
************************************************************************************************************************
*************************************************************************************************************************
**************************************************************************************************************************
***************************************************************************************************************************
****************************************************************************************************************************
*****************************************************************************************************************************
******************************************************************************************************************************
*******************************************************************************************************************************
********************************************************************************************************************************
*********************************************************************************************************************************
**********************************************************************************************************************************
***********************************************************************************************************************************
************************************************************************************************************************************
*************************************************************************************************************************************
**************************************************************************************************************************************
***************************************************************************************************************************************
****************************************************************************************************************************************
*****************************************************************************************************************************************
******************************************************************************************************************************************
*******************************************************************************************************************************************
********************************************************************************************************************************************
*********************************************************************************************************************************************
**********************************************************************************************************************************************
***********************************************************************************************************************************************
************************************************************************************************************************************************
*************************************************************************************************************************************************
**************************************************************************************************************************************************
***************************************************************************************************************************************************
****************************************************************************************************************************************************
*****************************************************************************************************************************************************
******************************************************************************************************************************************************
*******************************************************************************************************************************************************
********************************************************************************************************************************************************
*********************************************************************************************************************************************************
**********************************************************************************************************************************************************
***********************************************************************************************************************************************************
************************************************************************************************************************************************************
*************************************************************************************************************************************************************
**************************************************************************************************************************************************************
***************************************************************************************************************************************************************
****************************************************************************************************************************************************************
*****************************************************************************************************************************************************************
******************************************************************************************************************************************************************
*******************************************************************************************************************************************************************
********************************************************************************************************************************************************************
*********************************************************************************************************************************************************************
**********************************************************************************************************************************************************************
***********************************************************************************************************************************************************************
************************************************************************************************************************************************************************
*************************************************************************************************************************************************************************
**************************************************************************************************************************************************************************
***************************************************************************************************************************************************************************
****************************************************************************************************************************************************************************
*****************************************************************************************************************************************************************************
******************************************************************************************************************************************************************************
*******************************************************************************************************************************************************************************
********************************************************************************************************************************************************************************
*********************************************************************************************************************************************************************************
**********************************************************************************************************************************************************************************
***********************************************************************************************************************************************************************************
************************************************************************************************************************************************************************************
*************************************************************************************************************************************************************************************
**************************************************************************************************************************************************************************************
***************************************************************************************************************************************************************************************
****************************************************************************************************************************************************************************************
*****************************************************************************************************************************************************************************************
******************************************************************************************************************************************************************************************
*******************************************************************************************************************************************************************************************
********************************************************************************************************************************************************************************************
*********************************************************************************************************************************************************************************************
**********************************************************************************************************************************************************************************************
***********************************************************************************************************************************************************************************************
************************************************************************************************************************************************************************************************
*************************************************************************************************************************************************************************************************
**************************************************************************************************************************************************************************************************
***************************************************************************************************************************************************************************************************
****************************************************************************************************************************************************************************************************
*****************************************************************************************************************************************************************************************************
******************************************************************************************************************************************************************************************************
*******************************************************************************************************************************************************************************************************
********************************************************************************************************************************************************************************************************
[?2004h]0;arkosh@greyskull: ~/repos/601_201/module3/assignment3[01;32markosh@greyskull[00m:[01;34m~/repos/601_201/module3/assignment3[00m$ exit
[?2004lexit

Script done on 2025-02-09 21:58:52-05:00 [COMMAND_EXIT_CODE="0"]
